<?xml version="1.0" encoding="UTF-8"?>
<!-- Generated by org.testng.reporters.JUnitReportReporter -->
<testsuite skipped="0" hostname="Govardhan-PC" name="Galen.anf.Galen.GalenTest" tests="1" failures="0" timestamp="10 Nov 2018 08:45:27 GMT" time="1.333" errors="1">
  <testcase name="galenTest" time="1.333" classname="Galen.anf.Galen.GalenTest">
    <error type="com.galenframework.parser.SyntaxException" message="Invalid object name: @on">
      <![CDATA[com.galenframework.parser.SyntaxException: Invalid object name: @on
at com.galenframework.speclang2.pagespec.ObjectDefinitionProcessor.addObjectToSpec(ObjectDefinitionProcessor.java:122)
at com.galenframework.speclang2.pagespec.ObjectDefinitionProcessor.processObject(ObjectDefinitionProcessor.java:107)
at com.galenframework.speclang2.pagespec.ObjectDefinitionProcessor.parseItem(ObjectDefinitionProcessor.java:63)
at com.galenframework.speclang2.pagespec.ObjectDefinitionProcessor.parseItem(ObjectDefinitionProcessor.java:59)
at com.galenframework.speclang2.pagespec.ObjectDefinitionProcessor.process(ObjectDefinitionProcessor.java:52)
at com.galenframework.speclang2.pagespec.MacroProcessor.processMacroStatement(MacroProcessor.java:197)
at com.galenframework.speclang2.pagespec.MacroProcessor.process(MacroProcessor.java:79)
at com.galenframework.speclang2.pagespec.PageSpecReader.read(PageSpecReader.java:61)
at com.galenframework.speclang2.pagespec.PageSpecReader.read(PageSpecReader.java:45)
at com.galenframework.api.Galen.checkLayout(Galen.java:68)
at com.galenframework.api.Galen.checkLayout(Galen.java:59)
at com.galenframework.api.Galen.checkLayout(Galen.java:154)
at com.galenframework.api.Galen.checkLayout(Galen.java:128)
at Galen.anf.Galen.GalenTest.galenTest(GalenTest.java:45)
at sun.reflect.NativeMethodAccessorImpl.invoke0(Native Method)
at sun.reflect.NativeMethodAccessorImpl.invoke(NativeMethodAccessorImpl.java:62)
at sun.reflect.DelegatingMethodAccessorImpl.invoke(DelegatingMethodAccessorImpl.java:43)
at java.lang.reflect.Method.invoke(Method.java:498)
at org.testng.internal.MethodInvocationHelper.invokeMethod(MethodInvocationHelper.java:124)
at org.testng.internal.Invoker.invokeMethod(Invoker.java:580)
at org.testng.internal.Invoker.invokeTestMethod(Invoker.java:716)
at org.testng.internal.Invoker.invokeTestMethods(Invoker.java:988)
at org.testng.internal.TestMethodWorker.invokeTestMethods(TestMethodWorker.java:125)
at org.testng.internal.TestMethodWorker.run(TestMethodWorker.java:109)
at org.testng.TestRunner.privateRun(TestRunner.java:648)
at org.testng.TestRunner.run(TestRunner.java:505)
at org.testng.SuiteRunner.runTest(SuiteRunner.java:455)
at org.testng.SuiteRunner.runSequentially(SuiteRunner.java:450)
at org.testng.SuiteRunner.privateRun(SuiteRunner.java:415)
at org.testng.SuiteRunner.run(SuiteRunner.java:364)
at org.testng.SuiteRunnerWorker.runSuite(SuiteRunnerWorker.java:52)
at org.testng.SuiteRunnerWorker.run(SuiteRunnerWorker.java:84)
at org.testng.TestNG.runSuitesSequentially(TestNG.java:1208)
at org.testng.TestNG.runSuitesLocally(TestNG.java:1137)
at org.testng.TestNG.runSuites(TestNG.java:1049)
at org.testng.TestNG.run(TestNG.java:1017)
at org.testng.remote.AbstractRemoteTestNG.run(AbstractRemoteTestNG.java:114)
at org.testng.remote.RemoteTestNG.initAndRun(RemoteTestNG.java:251)
at org.testng.remote.RemoteTestNG.main(RemoteTestNG.java:77)
]]>
    </error>
  </testcase> <!-- galenTest -->
</testsuite> <!-- Galen.anf.Galen.GalenTest -->
