<?xml version="1.0" encoding="UTF-8"?>
<!-- Generated by org.testng.reporters.JUnitReportReporter -->
<testsuite skipped="0" hostname="DESKTOP-A1TQQOH" name="acl.galen.tests.GalenTest" tests="2" failures="0" timestamp="2020-07-20T16:40:54 IST" time="57.124" errors="0">
  <testcase name="chromeGalenTest" time="33.930" classname="acl.galen.tests.GalenTest"/>
  <testcase name="firfoxGalenTest" time="23.194" classname="acl.galen.tests.GalenTest"/>
</testsuite> <!-- acl.galen.tests.GalenTest -->
